{"level":"info","message":"Server running on port 3000","service":"ecommerce-api","timestamp":"2024-12-21 18:35:13"}
{"level":"info","message":"GET /api/health","service":"ecommerce-api","timestamp":"2024-12-21 18:35:20"}
{"level":"info","message":"GET /api/auth/login","service":"ecommerce-api","timestamp":"2024-12-21 18:36:23"}
{"level":"info","message":"GET /api/auth/login","service":"ecommerce-api","timestamp":"2024-12-21 18:36:35"}
{"level":"info","message":"GET /api/auth/login","service":"ecommerce-api","timestamp":"2024-12-21 18:36:36"}
{"level":"info","message":"Server running on port 3000","service":"ecommerce-api","timestamp":"2024-12-21 18:38:19"}
{"level":"info","message":"Server running on port 3000","service":"ecommerce-api","timestamp":"2024-12-21 18:40:15"}
{"level":"info","message":"Server running on port 3000","service":"ecommerce-api","timestamp":"2024-12-21 18:40:41"}
{"level":"info","message":"GET /api","service":"ecommerce-api","timestamp":"2024-12-21 18:41:03"}
{"level":"info","message":"GET /api/auth/login","service":"ecommerce-api","timestamp":"2024-12-21 18:41:11"}
{"level":"info","message":"Server running on port 3000","service":"ecommerce-api","timestamp":"2024-12-21 18:42:32"}
{"level":"info","message":"GET /api/health","service":"ecommerce-api","timestamp":"2024-12-21 18:42:41"}
{"level":"info","message":"GET /api/auth/login","service":"ecommerce-api","timestamp":"2024-12-21 18:42:57"}
{"level":"info","message":"POST /api/auth/login","service":"ecommerce-api","timestamp":"2024-12-21 18:44:12"}
{"level":"info","message":"POST /api/auth/register","service":"ecommerce-api","timestamp":"2024-12-21 18:44:34"}
{"level":"info","message":"Server running on port 3000","service":"ecommerce-api","timestamp":"2024-12-21 18:57:09"}
{"level":"info","message":"Server running on port 3000","service":"ecommerce-api","timestamp":"2024-12-21 18:57:16"}
{"level":"info","message":"Server running on port 5000","service":"ecommerce-api","timestamp":"2024-12-22 00:08:16"}
{"level":"info","message":"Server running on port 5000","service":"ecommerce-api","timestamp":"2024-12-22 00:12:30"}
{"level":"info","message":"POST /api/auth/register","service":"ecommerce-api","timestamp":"2024-12-22 00:12:40"}
{"level":"info","message":"Server running on port 5000","service":"ecommerce-api","timestamp":"2024-12-22 00:14:50"}
{"level":"info","message":"POST /api/auth/register","service":"ecommerce-api","timestamp":"2024-12-22 00:15:00"}
{"level":"info","message":"POST /api/auth/register","service":"ecommerce-api","timestamp":"2024-12-22 00:15:43"}
{"level":"info","message":"Server running on port 5000","service":"ecommerce-api","timestamp":"2024-12-22 00:16:21"}
{"level":"info","message":"POST /api/auth/register","service":"ecommerce-api","timestamp":"2024-12-22 00:16:40"}
{"level":"info","message":"Server running on port 5000","service":"ecommerce-api","timestamp":"2024-12-22 00:18:44"}
{"level":"info","message":"Server running on port 5000","service":"ecommerce-api","timestamp":"2024-12-22 00:18:45"}
{"level":"info","message":"POST /api/auth/register","service":"ecommerce-api","timestamp":"2024-12-22 00:19:31"}
{"level":"info","message":"POST /api/auth/register","service":"ecommerce-api","timestamp":"2024-12-22 00:20:14"}
{"level":"info","message":"POST /api/auth/register","service":"ecommerce-api","timestamp":"2024-12-22 00:20:58"}
{"level":"info","message":"Server running on port 5000","service":"ecommerce-api","timestamp":"2024-12-22 00:22:37"}
{"level":"info","message":"Server running on port 5000","service":"ecommerce-api","timestamp":"2024-12-22 00:22:48"}
{"level":"info","message":"Server running on port 5000","service":"ecommerce-api","timestamp":"2024-12-22 00:22:53"}
{"level":"info","message":"Server running on port 5000","service":"ecommerce-api","timestamp":"2024-12-22 00:22:58"}
{"level":"info","message":"Server running on port 5000","service":"ecommerce-api","timestamp":"2024-12-22 00:23:03"}
{"level":"info","message":"Server running on port 5000","service":"ecommerce-api","timestamp":"2024-12-22 00:23:32"}
{"level":"info","message":"Server running on port 5000","service":"ecommerce-api","timestamp":"2024-12-22 00:23:36"}
{"level":"info","message":"Server running on port 5000","service":"ecommerce-api","timestamp":"2024-12-22 00:23:39"}
{"level":"info","message":"Server running on port 5000","service":"ecommerce-api","timestamp":"2024-12-22 00:23:46"}
{"level":"info","message":"Server running on port 5000","service":"ecommerce-api","timestamp":"2024-12-22 00:24:01"}
{"level":"info","message":"Server running on port 5000","service":"ecommerce-api","timestamp":"2024-12-22 00:24:03"}
{"level":"info","message":"Server running on port 5000","service":"ecommerce-api","timestamp":"2024-12-22 00:24:05"}
{"level":"info","message":"Server running on port 5000","service":"ecommerce-api","timestamp":"2024-12-22 00:24:08"}
{"level":"info","message":"Server running on port 5000","service":"ecommerce-api","timestamp":"2024-12-22 00:24:16"}
{"level":"info","message":"Server running on port 5000","service":"ecommerce-api","timestamp":"2024-12-22 00:24:21"}
{"level":"info","message":"Server running on port 5000","service":"ecommerce-api","timestamp":"2024-12-22 00:24:25"}
{"level":"info","message":"Server running on port 5000","service":"ecommerce-api","timestamp":"2024-12-22 00:24:35"}
{"level":"info","message":"Server running on port 5000","service":"ecommerce-api","timestamp":"2024-12-22 00:26:26"}
{"level":"info","message":"Server running on port 5000","service":"ecommerce-api","timestamp":"2024-12-22 00:26:39"}
{"level":"info","message":"Server running on port 5000","service":"ecommerce-api","timestamp":"2024-12-22 00:27:09"}
{"level":"info","message":"Server running on port 5000","service":"ecommerce-api","timestamp":"2024-12-22 00:27:12"}
{"level":"info","message":"Server running on port 5000","service":"ecommerce-api","timestamp":"2024-12-22 00:28:03"}
{"level":"info","message":"Server running on port 5000","service":"ecommerce-api","timestamp":"2024-12-22 00:28:21"}
{"level":"info","message":"Server running on port 5000","service":"ecommerce-api","timestamp":"2024-12-22 00:34:31"}
{"level":"info","message":"POST /api/auth/register","service":"ecommerce-api","timestamp":"2024-12-22 00:35:05"}
{"level":"info","message":"POST /api/auth/register","service":"ecommerce-api","timestamp":"2024-12-22 00:35:55"}
{"level":"info","message":"GET /api/auth/verify-email/3440df235caac198d4f2443a5b0d9536dee50fd6013d485e46db8f8891c42af7","service":"ecommerce-api","timestamp":"2024-12-22 00:37:23"}
{"level":"info","message":"Server running on port 5000","service":"ecommerce-api","timestamp":"2024-12-22 00:38:11"}
{"level":"info","message":"GET /api/auth/verify-email/3440df235caac198d4f2443a5b0d9536dee50fd6013d485e46db8f8891c42af7","service":"ecommerce-api","timestamp":"2024-12-22 00:38:14"}
{"level":"info","message":"POST /api/auth/login","service":"ecommerce-api","timestamp":"2024-12-22 00:39:05"}
{"level":"info","message":"Server running on port 5000","service":"ecommerce-api","timestamp":"2024-12-22 00:39:47"}
{"level":"info","message":"POST /api/auth/login","service":"ecommerce-api","timestamp":"2024-12-22 00:39:52"}
{"level":"info","message":"POST /api/auth/resend-verification","service":"ecommerce-api","timestamp":"2024-12-22 00:41:58"}
{"level":"info","message":"POST /api/auth/resend-verification","service":"ecommerce-api","timestamp":"2024-12-22 00:42:13"}
{"level":"info","message":"Server running on port 5000","service":"ecommerce-api","timestamp":"2024-12-22 21:22:30"}
{"level":"info","message":"POST /api/auth/login","service":"ecommerce-api","timestamp":"2024-12-22 21:24:15"}
{"level":"info","message":"Server running on port 5000","service":"ecommerce-api","timestamp":"2024-12-22 16:18:29"}
{"level":"info","message":"Server running on port 5000","service":"ecommerce-api","timestamp":"2024-12-22 16:21:16"}
{"level":"info","message":"GET /","service":"ecommerce-api","timestamp":"2024-12-22 16:21:20"}
{"level":"info","message":"GET /favicon.ico","service":"ecommerce-api","timestamp":"2024-12-22 16:21:20"}
{"level":"info","message":"Server running on port 5000","service":"ecommerce-api","timestamp":"2024-12-22 16:22:37"}
{"level":"info","message":"Server running on port 5000","service":"ecommerce-api","timestamp":"2024-12-22 16:22:40"}
{"level":"info","message":"Server running on port 5000","service":"ecommerce-api","timestamp":"2024-12-22 16:23:38"}
{"level":"info","message":"GET /","service":"ecommerce-api","timestamp":"2024-12-22 16:24:19"}
{"level":"info","message":"GET /login","service":"ecommerce-api","timestamp":"2024-12-22 16:24:24"}
{"level":"info","message":"GET /api","service":"ecommerce-api","timestamp":"2024-12-22 16:24:27"}
{"level":"info","message":"GET /api/health","service":"ecommerce-api","timestamp":"2024-12-22 16:24:33"}
{"level":"info","message":"GET /api/auth/login","service":"ecommerce-api","timestamp":"2024-12-22 16:24:42"}
{"level":"info","message":"Server running on port 5000","service":"ecommerce-api","timestamp":"2024-12-22 16:25:34"}
{"level":"info","message":"POST /api/auth/login","service":"ecommerce-api","timestamp":"2024-12-22 16:25:44"}
{"level":"info","message":"POST /api/auth/login","service":"ecommerce-api","timestamp":"2024-12-22 16:51:56"}
{"level":"info","message":"POST /api/auth/login","service":"ecommerce-api","timestamp":"2024-12-22 16:52:33"}
{"level":"info","message":"POST /api/auth/login","service":"ecommerce-api","timestamp":"2024-12-22 17:07:09"}
{"level":"info","message":"POST /api/auth/register","service":"ecommerce-api","timestamp":"2024-12-22 17:07:37"}
{"level":"info","message":"Server running on port 5000","service":"ecommerce-api","timestamp":"2024-12-22 17:13:49"}
{"level":"info","message":"Server running on port 5000","service":"ecommerce-api","timestamp":"2024-12-22 17:14:22"}
{"level":"info","message":"Server running on port 5000","service":"ecommerce-api","timestamp":"2024-12-22 17:14:49"}
{"level":"info","message":"Server running on port 5000","service":"ecommerce-api","timestamp":"2024-12-22 17:15:12"}
{"level":"info","message":"Server running on port 5000","service":"ecommerce-api","timestamp":"2024-12-22 17:15:13"}
{"level":"info","message":"POST /api/auth/password-reset","service":"ecommerce-api","timestamp":"2024-12-22 17:17:11"}
{"level":"info","message":"POST /api/auth/password-reset","service":"ecommerce-api","timestamp":"2024-12-22 17:17:33"}
{"level":"info","message":"POST /api/auth/password-reset","service":"ecommerce-api","timestamp":"2024-12-22 17:18:27"}
{"level":"info","message":"POST /api/auth/password-reset","service":"ecommerce-api","timestamp":"2024-12-22 17:18:36"}
{"level":"info","message":"Server running on port 5000","service":"ecommerce-api","timestamp":"2024-12-22 17:20:11"}
{"level":"info","message":"POST /api/auth/password-reset","service":"ecommerce-api","timestamp":"2024-12-22 17:20:14"}
{"level":"info","message":"Server running on port 5000","service":"ecommerce-api","timestamp":"2024-12-22 17:21:41"}
{"level":"info","message":"POST /api/auth/password-reset","service":"ecommerce-api","timestamp":"2024-12-22 17:22:13"}
{"level":"info","message":"POST /api/auth/password-reset","service":"ecommerce-api","timestamp":"2024-12-22 17:27:32"}
{"level":"info","message":"POST /api/auth/reset-password/ed7c1a553c8bebbbb42643513171aea49160d69a8b567f490cf3446742b5bd88","service":"ecommerce-api","timestamp":"2024-12-22 17:30:28"}
{"level":"info","message":"POST /api/auth/reset-password/ed7c1a553c8bebbbb42643513171aea49160d69a8b567f490cf3446742b5bd88","service":"ecommerce-api","timestamp":"2024-12-22 17:30:36"}
{"level":"info","message":"POST /api/auth/password-reset","service":"ecommerce-api","timestamp":"2024-12-22 17:36:45"}
{"level":"info","message":"POST /api/auth/reset-password/0d80c4c39b1c08e0a3aee768bf166393b9228d20c8c7548a12800a0ef253a6cc","service":"ecommerce-api","timestamp":"2024-12-22 17:40:43"}
{"level":"info","message":"GET /api/auth/reset-password/0d80c4c39b1c08e0a3aee768bf166393b9228d20c8c7548a12800a0ef253a6cc","service":"ecommerce-api","timestamp":"2024-12-22 17:40:56"}
{"level":"info","message":"POST /api/auth/password-reset/0d80c4c39b1c08e0a3aee768bf166393b9228d20c8c7548a12800a0ef253a6cc","service":"ecommerce-api","timestamp":"2024-12-22 17:42:55"}
{"level":"info","message":"POST /api/auth/login","service":"ecommerce-api","timestamp":"2024-12-22 17:43:12"}
{"level":"info","message":"POST /api/auth/register","service":"ecommerce-api","timestamp":"2024-12-22 17:51:28"}
{"level":"info","message":"POST /api/auth/register","service":"ecommerce-api","timestamp":"2024-12-22 17:55:53"}
{"level":"info","message":"POST /api/auth/register","service":"ecommerce-api","timestamp":"2024-12-22 18:01:00"}
{"level":"info","message":"POST /api/auth/register","service":"ecommerce-api","timestamp":"2024-12-22 18:03:16"}
{"level":"info","message":"POST /api/auth/resend-verification","service":"ecommerce-api","timestamp":"2024-12-22 18:03:38"}
{"level":"info","message":"POST /api/auth/verify-email/062d6baaf4b40d2603713da98ef2427b7c500569e7cfdfe40c88cefded2d6e43","service":"ecommerce-api","timestamp":"2024-12-22 18:07:14"}
{"level":"info","message":"POST /api/auth/verify-email/062d6baaf4b40d2603713da98ef2427b7c500569e7cfdfe40c88cefded2d6e43","service":"ecommerce-api","timestamp":"2024-12-22 18:07:37"}
{"level":"info","message":"POST /api/auth/verify-email/062d6baaf4b40d2603713da98ef2427b7c500569e7cfdfe40c88cefded2d6e43","service":"ecommerce-api","timestamp":"2024-12-22 18:07:47"}
{"level":"info","message":"POST /api/auth/register","service":"ecommerce-api","timestamp":"2024-12-22 18:08:54"}
{"level":"info","message":"POST /api/auth/verify-email/de435a5f85f977c8b09f2405e109ea11b61b68b638046aa47132f6a424cda2a6","service":"ecommerce-api","timestamp":"2024-12-22 18:09:06"}
{"level":"info","message":"POST /api/auth/verify-email/de435a5f85f977c8b09f2405e109ea11b61b68b638046aa47132f6a424cda2a6","service":"ecommerce-api","timestamp":"2024-12-22 18:09:13"}
{"level":"info","message":"Server running on port 5000","service":"ecommerce-api","timestamp":"2024-12-22 18:09:47"}
{"level":"info","message":"POST /api/auth/verify-email/de435a5f85f977c8b09f2405e109ea11b61b68b638046aa47132f6a424cda2a6","service":"ecommerce-api","timestamp":"2024-12-22 18:10:10"}
{"level":"info","message":"POST /api/auth/login","service":"ecommerce-api","timestamp":"2024-12-22 18:18:26"}
{"level":"info","message":"POST /api/auth/login","service":"ecommerce-api","timestamp":"2024-12-22 18:21:57"}
{"level":"info","message":"Server running on port 5000","service":"ecommerce-api","timestamp":"2024-12-22 19:37:28"}
{"level":"info","message":"Server running on port 5000","service":"ecommerce-api","timestamp":"2024-12-22 19:53:58"}
{"level":"info","message":"GET /api/auth/profile","service":"ecommerce-api","timestamp":"2024-12-22 20:03:48"}
{"level":"info","message":"GET /api/profile","service":"ecommerce-api","timestamp":"2024-12-22 20:04:13"}
{"level":"info","message":"GET /api/auth/profile","service":"ecommerce-api","timestamp":"2024-12-22 20:05:28"}
{"level":"info","message":"GET /api/auth/profile","service":"ecommerce-api","timestamp":"2024-12-22 20:06:17"}
{"level":"info","message":"GET /api/auth/profile","service":"ecommerce-api","timestamp":"2024-12-22 20:06:27"}
{"level":"info","message":"POST /api/auth/login","service":"ecommerce-api","timestamp":"2024-12-22 20:06:53"}
{"level":"info","message":"GET /api/auth/profile","service":"ecommerce-api","timestamp":"2024-12-22 20:07:02"}
{"level":"info","message":"GET /api/auth/profile","service":"ecommerce-api","timestamp":"2024-12-22 20:07:02"}
{"level":"info","message":"POST /api/auth/profile/address","service":"ecommerce-api","timestamp":"2024-12-22 20:07:29"}
{"level":"info","message":"GET /api/auth/profile","service":"ecommerce-api","timestamp":"2024-12-22 20:08:43"}
{"level":"info","message":"GET /api/auth/profile","service":"ecommerce-api","timestamp":"2024-12-22 20:10:19"}
{"level":"info","message":"DELETE /api/auth/profile/address/67687181854546681b6239c0","service":"ecommerce-api","timestamp":"2024-12-22 20:10:24"}
{"level":"info","message":"POST /api/auth/profile/address","service":"ecommerce-api","timestamp":"2024-12-22 20:10:33"}
{"level":"info","message":"PUT /api/auth/profile/address/67687239854546681b6239d1","service":"ecommerce-api","timestamp":"2024-12-22 20:10:43"}
{"level":"info","message":"PUT /api/auth/profile","service":"ecommerce-api","timestamp":"2024-12-22 20:11:02"}
{"level":"info","message":"GET /api/auth/profile","service":"ecommerce-api","timestamp":"2024-12-22 20:11:05"}
{"level":"info","message":"GET /api/products?page=1&limit=8&sort=-createdAt","service":"ecommerce-api","timestamp":"2024-12-22 21:14:35"}
{"level":"info","message":"GET /api/products?page=1&limit=8&sort=-createdAt","service":"ecommerce-api","timestamp":"2024-12-22 21:23:52"}
{"level":"info","message":"GET /api/categories","service":"ecommerce-api","timestamp":"2024-12-22 21:40:52"}
{"level":"info","message":"GET /api/products?page=1&limit=8&sort=-createdAt","service":"ecommerce-api","timestamp":"2024-12-22 21:40:52"}
{"level":"info","message":"GET /api/categories","service":"ecommerce-api","timestamp":"2024-12-22 21:41:26"}
{"level":"info","message":"GET /api/products?page=1&limit=8&sort=-createdAt","service":"ecommerce-api","timestamp":"2024-12-22 21:41:26"}
{"level":"info","message":"GET /api/category","service":"ecommerce-api","timestamp":"2024-12-22 21:41:57"}
{"level":"info","message":"GET /api/products?page=1&limit=8&sort=-createdAt","service":"ecommerce-api","timestamp":"2024-12-22 21:41:57"}
{"level":"info","message":"GET /api/category","service":"ecommerce-api","timestamp":"2024-12-22 21:42:29"}
{"level":"info","message":"GET /api/products?page=1&limit=8&sort=-createdAt","service":"ecommerce-api","timestamp":"2024-12-22 21:42:29"}
{"level":"info","message":"Server running on port 5000","service":"ecommerce-api","timestamp":"2024-12-22 22:20:11"}
{"level":"info","message":"POST /api/auth/login","service":"ecommerce-api","timestamp":"2024-12-22 22:42:14"}
{"level":"info","message":"POST /api/category","service":"ecommerce-api","timestamp":"2024-12-22 22:43:39"}
{"level":"info","message":"Server running on port 5000","service":"ecommerce-api","timestamp":"2024-12-22 22:45:33"}
{"level":"info","message":"Server running on port 5000","service":"ecommerce-api","timestamp":"2024-12-22 22:45:34"}
{"level":"info","message":"POST /api/auth/register","service":"ecommerce-api","timestamp":"2024-12-22 22:45:39"}
{"level":"info","message":"POST /api/auth/verify-email/c246158dce6dad474108eb7694d7d4f7754fd4609667676400c34bc576c398e9","service":"ecommerce-api","timestamp":"2024-12-22 22:46:17"}
{"level":"info","message":"POST /api/auth/login","service":"ecommerce-api","timestamp":"2024-12-22 22:46:51"}
{"level":"info","message":"POST /api/category","service":"ecommerce-api","timestamp":"2024-12-22 22:47:04"}
{"level":"info","message":"POST /api/category","service":"ecommerce-api","timestamp":"2024-12-22 22:47:48"}
{"level":"info","message":"POST /api/category","service":"ecommerce-api","timestamp":"2024-12-22 22:47:57"}
{"level":"info","message":"POST /api/category","service":"ecommerce-api","timestamp":"2024-12-22 22:48:08"}
{"level":"info","message":"POST /api/category","service":"ecommerce-api","timestamp":"2024-12-22 22:48:17"}
{"level":"info","message":"GET /api/category","service":"ecommerce-api","timestamp":"2024-12-22 22:49:08"}
{"level":"info","message":"GET /api/products?page=1&limit=8&sort=-createdAt","service":"ecommerce-api","timestamp":"2024-12-22 22:49:08"}
{"level":"info","message":"POST /api/product","service":"ecommerce-api","timestamp":"2024-12-22 22:52:02"}
{"level":"info","message":"POST /api/products","service":"ecommerce-api","timestamp":"2024-12-22 22:52:14"}
{"level":"info","message":"GET /api/category","service":"ecommerce-api","timestamp":"2024-12-22 22:52:31"}
{"level":"info","message":"GET /api/products?page=1&limit=8&sort=-createdAt","service":"ecommerce-api","timestamp":"2024-12-22 22:52:31"}
{"level":"info","message":"GET /api/category","service":"ecommerce-api","timestamp":"2024-12-22 22:57:25"}
{"level":"info","message":"GET /api/products?page=1&limit=8&sort=-createdAt","service":"ecommerce-api","timestamp":"2024-12-22 22:57:25"}
{"level":"info","message":"GET /api/products?page=1&limit=8&sort=-createdAt&category=65f2d1234567890123456790","service":"ecommerce-api","timestamp":"2024-12-22 22:58:25"}
{"level":"info","message":"GET /api/products?page=1&limit=8&sort=-createdAt","service":"ecommerce-api","timestamp":"2024-12-22 22:58:26"}
{"level":"info","message":"GET /api/products?page=1&limit=8&sort=-createdAt&category=65f2d1234567890123456789","service":"ecommerce-api","timestamp":"2024-12-22 22:58:27"}
{"level":"info","message":"GET /api/products?page=1&limit=8&sort=-createdAt","service":"ecommerce-api","timestamp":"2024-12-22 22:58:28"}
{"level":"info","message":"GET /api/products?page=1&limit=8&sort=-createdAt&minPrice=600&maxPrice=10000","service":"ecommerce-api","timestamp":"2024-12-22 22:58:30"}
{"level":"info","message":"GET /api/products?page=1&limit=8&sort=-createdAt&minPrice=1200&maxPrice=10000","service":"ecommerce-api","timestamp":"2024-12-22 22:58:30"}
{"level":"info","message":"GET /api/products?page=1&limit=8&sort=-createdAt&minPrice=800&maxPrice=10000","service":"ecommerce-api","timestamp":"2024-12-22 22:58:30"}
{"level":"info","message":"GET /api/products?page=1&limit=8&sort=-createdAt&minPrice=1000&maxPrice=10000","service":"ecommerce-api","timestamp":"2024-12-22 22:58:30"}
{"level":"info","message":"GET /api/products?page=1&limit=8&sort=-createdAt&minPrice=1400&maxPrice=10000","service":"ecommerce-api","timestamp":"2024-12-22 22:58:30"}
{"level":"info","message":"GET /api/products?page=1&limit=8&sort=-createdAt&minPrice=1600&maxPrice=10000","service":"ecommerce-api","timestamp":"2024-12-22 22:58:30"}
{"level":"info","message":"GET /api/products?page=1&limit=8&sort=-createdAt&minPrice=1500&maxPrice=10000","service":"ecommerce-api","timestamp":"2024-12-22 22:58:30"}
{"level":"info","message":"GET /api/products?page=1&limit=8&sort=-createdAt&minPrice=1700&maxPrice=10000","service":"ecommerce-api","timestamp":"2024-12-22 22:58:30"}
{"level":"info","message":"GET /api/products?page=1&limit=8&sort=-createdAt&minPrice=1800&maxPrice=10000","service":"ecommerce-api","timestamp":"2024-12-22 22:58:31"}
{"level":"info","message":"GET /api/products?page=1&limit=8&sort=-createdAt&minPrice=1900&maxPrice=10000","service":"ecommerce-api","timestamp":"2024-12-22 22:58:31"}
{"level":"info","message":"GET /api/products?page=1&limit=8&sort=-createdAt&minPrice=2000&maxPrice=10000","service":"ecommerce-api","timestamp":"2024-12-22 22:58:31"}
{"level":"info","message":"GET /api/products?page=1&limit=8&sort=-createdAt&minPrice=1900&maxPrice=10000","service":"ecommerce-api","timestamp":"2024-12-22 22:58:31"}
{"level":"info","message":"GET /api/products?page=1&limit=8&sort=-createdAt&minPrice=1800&maxPrice=10000","service":"ecommerce-api","timestamp":"2024-12-22 22:58:31"}
{"level":"info","message":"GET /api/products?page=1&limit=8&sort=-createdAt&minPrice=1700&maxPrice=10000","service":"ecommerce-api","timestamp":"2024-12-22 22:58:31"}
{"level":"info","message":"GET /api/products?page=1&limit=8&sort=-createdAt&minPrice=1600&maxPrice=10000","service":"ecommerce-api","timestamp":"2024-12-22 22:58:31"}
{"level":"info","message":"GET /api/products?page=1&limit=8&sort=-createdAt&minPrice=1500&maxPrice=10000","service":"ecommerce-api","timestamp":"2024-12-22 22:58:31"}
{"level":"info","message":"GET /api/products?page=1&limit=8&sort=-createdAt&minPrice=1400&maxPrice=10000","service":"ecommerce-api","timestamp":"2024-12-22 22:58:31"}
{"level":"info","message":"GET /api/products?page=1&limit=8&sort=-createdAt&minPrice=1300&maxPrice=10000","service":"ecommerce-api","timestamp":"2024-12-22 22:58:31"}
{"level":"info","message":"GET /api/products?page=1&limit=8&sort=-createdAt&minPrice=1200&maxPrice=10000","service":"ecommerce-api","timestamp":"2024-12-22 22:58:31"}
{"level":"info","message":"GET /api/products?page=1&limit=8&sort=-createdAt&minPrice=1100&maxPrice=10000","service":"ecommerce-api","timestamp":"2024-12-22 22:58:31"}
{"level":"info","message":"GET /api/products?page=1&limit=8&sort=-createdAt&minPrice=1000&maxPrice=10000","service":"ecommerce-api","timestamp":"2024-12-22 22:58:31"}
{"level":"info","message":"GET /api/products?page=1&limit=8&sort=-createdAt&minPrice=800&maxPrice=10000","service":"ecommerce-api","timestamp":"2024-12-22 22:58:31"}
{"level":"info","message":"GET /api/products?page=1&limit=8&sort=-createdAt&minPrice=700&maxPrice=10000","service":"ecommerce-api","timestamp":"2024-12-22 22:58:31"}
{"level":"info","message":"GET /api/products?page=1&limit=8&sort=-createdAt&minPrice=600&maxPrice=10000","service":"ecommerce-api","timestamp":"2024-12-22 22:58:32"}
{"level":"info","message":"GET /api/products?page=1&limit=8&sort=-createdAt&minPrice=500&maxPrice=10000","service":"ecommerce-api","timestamp":"2024-12-22 22:58:32"}
{"level":"info","message":"GET /api/products?page=1&limit=8&sort=-createdAt&minPrice=400&maxPrice=10000","service":"ecommerce-api","timestamp":"2024-12-22 22:58:32"}
{"level":"info","message":"GET /api/products?page=1&limit=8&sort=-createdAt&minPrice=300&maxPrice=10000","service":"ecommerce-api","timestamp":"2024-12-22 22:58:32"}
{"level":"info","message":"GET /api/products?page=1&limit=8&sort=-createdAt&minPrice=200&maxPrice=10000","service":"ecommerce-api","timestamp":"2024-12-22 22:58:32"}
{"level":"info","message":"GET /api/products?page=1&limit=8&sort=-createdAt&minPrice=100&maxPrice=10000","service":"ecommerce-api","timestamp":"2024-12-22 22:58:32"}
{"level":"info","message":"GET /api/products?page=1&limit=8&sort=-createdAt&maxPrice=10000","service":"ecommerce-api","timestamp":"2024-12-22 22:58:32"}
{"level":"info","message":"GET /api/products?page=1&limit=8&sort=-createdAt&minPrice=600&maxPrice=10000","service":"ecommerce-api","timestamp":"2024-12-22 22:58:36"}
{"level":"info","message":"GET /api/products?page=1&limit=8&sort=-createdAt&minPrice=700&maxPrice=10000","service":"ecommerce-api","timestamp":"2024-12-22 22:58:36"}
{"level":"info","message":"GET /api/products?page=1&limit=8&sort=-createdAt&minPrice=800&maxPrice=10000","service":"ecommerce-api","timestamp":"2024-12-22 22:58:36"}
{"level":"info","message":"GET /api/products?page=1&limit=8&sort=-createdAt&minPrice=1000&maxPrice=10000","service":"ecommerce-api","timestamp":"2024-12-22 22:58:36"}
{"level":"info","message":"GET /api/products?page=1&limit=8&sort=-createdAt&minPrice=1200&maxPrice=10000","service":"ecommerce-api","timestamp":"2024-12-22 22:58:36"}
{"level":"info","message":"GET /api/products?page=1&limit=8&sort=-createdAt&minPrice=1300&maxPrice=10000","service":"ecommerce-api","timestamp":"2024-12-22 22:58:36"}
{"level":"info","message":"GET /api/products?page=1&limit=8&sort=-createdAt&minPrice=1400&maxPrice=10000","service":"ecommerce-api","timestamp":"2024-12-22 22:58:36"}
{"level":"info","message":"GET /api/products?page=1&limit=8&sort=-createdAt&minPrice=1500&maxPrice=10000","service":"ecommerce-api","timestamp":"2024-12-22 22:58:36"}
{"level":"info","message":"GET /api/products?page=1&limit=8&sort=-createdAt&minPrice=1400&maxPrice=10000","service":"ecommerce-api","timestamp":"2024-12-22 22:58:36"}
{"level":"info","message":"GET /api/products?page=1&limit=8&sort=-createdAt&minPrice=1200&maxPrice=10000","service":"ecommerce-api","timestamp":"2024-12-22 22:58:36"}
{"level":"info","message":"GET /api/products?page=1&limit=8&sort=-createdAt&minPrice=1000&maxPrice=10000","service":"ecommerce-api","timestamp":"2024-12-22 22:58:36"}
{"level":"info","message":"GET /api/products?page=1&limit=8&sort=-createdAt&minPrice=700&maxPrice=10000","service":"ecommerce-api","timestamp":"2024-12-22 22:58:36"}
{"level":"info","message":"GET /api/products?page=1&limit=8&sort=-createdAt&minPrice=500&maxPrice=10000","service":"ecommerce-api","timestamp":"2024-12-22 22:58:36"}
{"level":"info","message":"GET /api/products?page=1&limit=8&sort=-createdAt&minPrice=200&maxPrice=10000","service":"ecommerce-api","timestamp":"2024-12-22 22:58:36"}
{"level":"info","message":"GET /api/products?page=1&limit=8&sort=-createdAt&maxPrice=10000","service":"ecommerce-api","timestamp":"2024-12-22 22:58:36"}
{"level":"info","message":"GET /api/products?page=1&limit=8&sort=-createdAt","service":"ecommerce-api","timestamp":"2024-12-22 22:58:38"}
{"level":"info","message":"POST /api/products","service":"ecommerce-api","timestamp":"2024-12-22 22:59:23"}
{"level":"info","message":"GET /api/category","service":"ecommerce-api","timestamp":"2024-12-22 22:59:34"}
{"level":"info","message":"GET /api/products?page=1&limit=8&sort=-createdAt","service":"ecommerce-api","timestamp":"2024-12-22 22:59:34"}
{"level":"info","message":"POST /api/products","service":"ecommerce-api","timestamp":"2024-12-22 23:00:14"}
{"level":"info","message":"POST /api/products","service":"ecommerce-api","timestamp":"2024-12-22 23:00:41"}
{"level":"info","message":"POST /api/products","service":"ecommerce-api","timestamp":"2024-12-22 23:01:13"}
{"level":"info","message":"GET /api/category","service":"ecommerce-api","timestamp":"2024-12-22 23:01:20"}
{"level":"info","message":"GET /api/products?page=1&limit=8&sort=-createdAt","service":"ecommerce-api","timestamp":"2024-12-22 23:01:20"}
{"level":"info","message":"POST /api/products","service":"ecommerce-api","timestamp":"2024-12-22 23:02:07"}
{"level":"info","message":"POST /api/auth/login","service":"ecommerce-api","timestamp":"2024-12-22 23:02:16"}
{"level":"info","message":"POST /api/products","service":"ecommerce-api","timestamp":"2024-12-22 23:02:27"}
{"level":"info","message":"POST /api/products","service":"ecommerce-api","timestamp":"2024-12-22 23:02:53"}
{"level":"info","message":"POST /api/products","service":"ecommerce-api","timestamp":"2024-12-22 23:03:55"}
{"level":"info","message":"GET /api/category","service":"ecommerce-api","timestamp":"2024-12-22 23:04:02"}
{"level":"info","message":"GET /api/products?page=1&limit=8&sort=-createdAt","service":"ecommerce-api","timestamp":"2024-12-22 23:04:02"}
{"level":"info","message":"GET /api/products?page=1&limit=8&sort=-createdAt&minPrice=500&maxPrice=10000","service":"ecommerce-api","timestamp":"2024-12-22 23:04:14"}
{"level":"info","message":"GET /api/products?page=1&limit=8&sort=-createdAt&minPrice=600&maxPrice=10000","service":"ecommerce-api","timestamp":"2024-12-22 23:04:14"}
{"level":"info","message":"GET /api/products?page=1&limit=8&sort=-createdAt&minPrice=700&maxPrice=10000","service":"ecommerce-api","timestamp":"2024-12-22 23:04:17"}
{"level":"info","message":"GET /api/products?page=1&limit=8&sort=-createdAt&minPrice=800&maxPrice=10000","service":"ecommerce-api","timestamp":"2024-12-22 23:04:17"}
{"level":"info","message":"GET /api/products?page=1&limit=8&sort=-createdAt&minPrice=900&maxPrice=10000","service":"ecommerce-api","timestamp":"2024-12-22 23:04:17"}
{"level":"info","message":"GET /api/products?page=1&limit=8&sort=-createdAt&minPrice=1000&maxPrice=10000","service":"ecommerce-api","timestamp":"2024-12-22 23:04:18"}
{"level":"info","message":"GET /api/products?page=1&limit=8&sort=-createdAt&minPrice=1100&maxPrice=10000","service":"ecommerce-api","timestamp":"2024-12-22 23:04:18"}
{"level":"info","message":"GET /api/products?page=1&limit=8&sort=-createdAt&minPrice=1200&maxPrice=10000","service":"ecommerce-api","timestamp":"2024-12-22 23:04:18"}
{"level":"info","message":"GET /api/products?page=1&limit=8&sort=-createdAt&minPrice=1300&maxPrice=10000","service":"ecommerce-api","timestamp":"2024-12-22 23:04:18"}
{"level":"info","message":"GET /api/products?page=1&limit=8&sort=-createdAt&minPrice=1400&maxPrice=10000","service":"ecommerce-api","timestamp":"2024-12-22 23:04:19"}
{"level":"info","message":"GET /api/products?page=1&limit=8&sort=-createdAt&minPrice=1500&maxPrice=10000","service":"ecommerce-api","timestamp":"2024-12-22 23:04:19"}
{"level":"info","message":"GET /api/products?page=1&limit=8&sort=-createdAt&minPrice=1600&maxPrice=10000","service":"ecommerce-api","timestamp":"2024-12-22 23:04:19"}
{"level":"info","message":"GET /api/products?page=1&limit=8&sort=-createdAt&minPrice=1700&maxPrice=10000","service":"ecommerce-api","timestamp":"2024-12-22 23:04:20"}
{"level":"info","message":"GET /api/products?page=1&limit=8&sort=-createdAt&minPrice=1800&maxPrice=10000","service":"ecommerce-api","timestamp":"2024-12-22 23:04:20"}
{"level":"info","message":"GET /api/products?page=1&limit=8&sort=-createdAt&minPrice=1900&maxPrice=10000","service":"ecommerce-api","timestamp":"2024-12-22 23:04:20"}
{"level":"info","message":"GET /api/products?page=1&limit=8&sort=-createdAt&minPrice=2000&maxPrice=10000","service":"ecommerce-api","timestamp":"2024-12-22 23:04:20"}
{"level":"info","message":"GET /api/products?page=1&limit=8&sort=-createdAt&minPrice=2100&maxPrice=10000","service":"ecommerce-api","timestamp":"2024-12-22 23:04:20"}
{"level":"info","message":"GET /api/products?page=1&limit=8&sort=-createdAt&minPrice=2200&maxPrice=10000","service":"ecommerce-api","timestamp":"2024-12-22 23:04:21"}
{"level":"info","message":"GET /api/products?page=1&limit=8&sort=-createdAt&minPrice=2300&maxPrice=10000","service":"ecommerce-api","timestamp":"2024-12-22 23:04:21"}
{"level":"info","message":"GET /api/products?page=1&limit=8&sort=-createdAt&minPrice=2400&maxPrice=10000","service":"ecommerce-api","timestamp":"2024-12-22 23:04:21"}
{"level":"info","message":"GET /api/products?page=1&limit=8&sort=-createdAt&minPrice=2500&maxPrice=10000","service":"ecommerce-api","timestamp":"2024-12-22 23:04:22"}
{"level":"info","message":"GET /api/products?page=1&limit=8&sort=-createdAt&minPrice=2600&maxPrice=10000","service":"ecommerce-api","timestamp":"2024-12-22 23:04:22"}
{"level":"info","message":"GET /api/products?page=1&limit=8&sort=-createdAt&minPrice=2700&maxPrice=10000","service":"ecommerce-api","timestamp":"2024-12-22 23:04:22"}
{"level":"info","message":"GET /api/products?page=1&limit=8&sort=-createdAt&minPrice=2800&maxPrice=10000","service":"ecommerce-api","timestamp":"2024-12-22 23:04:22"}
{"level":"info","message":"GET /api/products?page=1&limit=8&sort=-createdAt&minPrice=2900&maxPrice=10000","service":"ecommerce-api","timestamp":"2024-12-22 23:04:22"}
{"level":"info","message":"GET /api/products?page=1&limit=8&sort=-createdAt&minPrice=3000&maxPrice=10000","service":"ecommerce-api","timestamp":"2024-12-22 23:04:22"}
{"level":"info","message":"GET /api/products?page=1&limit=8&sort=-createdAt&minPrice=3100&maxPrice=10000","service":"ecommerce-api","timestamp":"2024-12-22 23:04:22"}
{"level":"info","message":"GET /api/products?page=1&limit=8&sort=-createdAt&minPrice=3200&maxPrice=10000","service":"ecommerce-api","timestamp":"2024-12-22 23:04:22"}
{"level":"info","message":"GET /api/products?page=1&limit=8&sort=-createdAt&minPrice=3300&maxPrice=10000","service":"ecommerce-api","timestamp":"2024-12-22 23:04:22"}
{"level":"info","message":"GET /api/products?page=1&limit=8&sort=-createdAt&minPrice=3400&maxPrice=10000","service":"ecommerce-api","timestamp":"2024-12-22 23:04:22"}
{"level":"info","message":"GET /api/products?page=1&limit=8&sort=-createdAt&minPrice=3500&maxPrice=10000","service":"ecommerce-api","timestamp":"2024-12-22 23:04:22"}
{"level":"info","message":"GET /api/products?page=1&limit=8&sort=-createdAt&minPrice=3600&maxPrice=10000","service":"ecommerce-api","timestamp":"2024-12-22 23:04:23"}
{"level":"info","message":"GET /api/products?page=1&limit=8&sort=-createdAt&minPrice=3700&maxPrice=10000","service":"ecommerce-api","timestamp":"2024-12-22 23:04:23"}
{"level":"info","message":"GET /api/products?page=1&limit=8&sort=-createdAt&minPrice=3800&maxPrice=10000","service":"ecommerce-api","timestamp":"2024-12-22 23:04:23"}
{"level":"info","message":"GET /api/products?page=1&limit=8&sort=-createdAt&minPrice=3900&maxPrice=10000","service":"ecommerce-api","timestamp":"2024-12-22 23:04:23"}
{"level":"info","message":"GET /api/products?page=1&limit=8&sort=-createdAt&minPrice=4000&maxPrice=10000","service":"ecommerce-api","timestamp":"2024-12-22 23:04:23"}
{"level":"info","message":"GET /api/products?page=1&limit=8&sort=-createdAt&minPrice=4100&maxPrice=10000","service":"ecommerce-api","timestamp":"2024-12-22 23:04:23"}
{"level":"info","message":"GET /api/products?page=1&limit=8&sort=-createdAt&minPrice=4200&maxPrice=10000","service":"ecommerce-api","timestamp":"2024-12-22 23:04:23"}
{"level":"info","message":"GET /api/products?page=1&limit=8&sort=-createdAt&minPrice=4300&maxPrice=10000","service":"ecommerce-api","timestamp":"2024-12-22 23:04:23"}
{"level":"info","message":"GET /api/products?page=1&limit=8&sort=-createdAt&minPrice=4400&maxPrice=10000","service":"ecommerce-api","timestamp":"2024-12-22 23:04:23"}
{"level":"info","message":"GET /api/products?page=1&limit=8&sort=-createdAt&minPrice=4500&maxPrice=10000","service":"ecommerce-api","timestamp":"2024-12-22 23:04:23"}
{"level":"info","message":"GET /api/products?page=1&limit=8&sort=-createdAt&minPrice=4600&maxPrice=10000","service":"ecommerce-api","timestamp":"2024-12-22 23:04:23"}
{"level":"info","message":"GET /api/products?page=1&limit=8&sort=-createdAt&minPrice=4700&maxPrice=10000","service":"ecommerce-api","timestamp":"2024-12-22 23:04:23"}
{"level":"info","message":"GET /api/products?page=1&limit=8&sort=-createdAt&minPrice=4900&maxPrice=10000","service":"ecommerce-api","timestamp":"2024-12-22 23:04:24"}
{"level":"info","message":"GET /api/products?page=1&limit=8&sort=-createdAt&minPrice=4800&maxPrice=10000","service":"ecommerce-api","timestamp":"2024-12-22 23:04:24"}
{"level":"info","message":"GET /api/products?page=1&limit=8&sort=-createdAt&minPrice=5000&maxPrice=10000","service":"ecommerce-api","timestamp":"2024-12-22 23:04:24"}
{"level":"info","message":"GET /api/products?page=1&limit=8&sort=-createdAt&minPrice=5100&maxPrice=10000","service":"ecommerce-api","timestamp":"2024-12-22 23:04:24"}
{"level":"info","message":"GET /api/products?page=1&limit=8&sort=-createdAt&minPrice=5200&maxPrice=10000","service":"ecommerce-api","timestamp":"2024-12-22 23:04:25"}
{"level":"info","message":"GET /api/products?page=1&limit=8&sort=-createdAt&minPrice=5300&maxPrice=10000","service":"ecommerce-api","timestamp":"2024-12-22 23:04:25"}
{"level":"info","message":"GET /api/products?page=1&limit=8&sort=-createdAt&minPrice=5400&maxPrice=10000","service":"ecommerce-api","timestamp":"2024-12-22 23:04:25"}
{"level":"info","message":"GET /api/products?page=1&limit=8&sort=-createdAt&minPrice=5500&maxPrice=10000","service":"ecommerce-api","timestamp":"2024-12-22 23:04:25"}
{"level":"info","message":"GET /api/products?page=1&limit=8&sort=-createdAt&minPrice=5600&maxPrice=10000","service":"ecommerce-api","timestamp":"2024-12-22 23:04:25"}
{"level":"info","message":"GET /api/products?page=1&limit=8&sort=-createdAt&minPrice=5700&maxPrice=10000","service":"ecommerce-api","timestamp":"2024-12-22 23:04:25"}
{"level":"info","message":"GET /api/products?page=1&limit=8&sort=-createdAt&minPrice=5800&maxPrice=10000","service":"ecommerce-api","timestamp":"2024-12-22 23:04:25"}
{"level":"info","message":"GET /api/products?page=1&limit=8&sort=-createdAt&minPrice=5900&maxPrice=10000","service":"ecommerce-api","timestamp":"2024-12-22 23:04:25"}
{"level":"info","message":"GET /api/products?page=1&limit=8&sort=-createdAt&minPrice=6000&maxPrice=10000","service":"ecommerce-api","timestamp":"2024-12-22 23:04:25"}
{"level":"info","message":"GET /api/products?page=1&limit=8&sort=-createdAt&minPrice=6100&maxPrice=10000","service":"ecommerce-api","timestamp":"2024-12-22 23:04:25"}
{"level":"info","message":"GET /api/products?page=1&limit=8&sort=-createdAt&minPrice=6200&maxPrice=10000","service":"ecommerce-api","timestamp":"2024-12-22 23:04:25"}
{"level":"info","message":"GET /api/products?page=1&limit=8&sort=-createdAt&minPrice=6300&maxPrice=10000","service":"ecommerce-api","timestamp":"2024-12-22 23:04:25"}
{"level":"info","message":"GET /api/products?page=1&limit=8&sort=-createdAt&minPrice=6400&maxPrice=10000","service":"ecommerce-api","timestamp":"2024-12-22 23:04:25"}
{"level":"info","message":"GET /api/products?page=1&limit=8&sort=-createdAt&minPrice=6500&maxPrice=10000","service":"ecommerce-api","timestamp":"2024-12-22 23:04:26"}
{"level":"info","message":"GET /api/products?page=1&limit=8&sort=-createdAt&minPrice=6600&maxPrice=10000","service":"ecommerce-api","timestamp":"2024-12-22 23:04:26"}
{"level":"info","message":"GET /api/products?page=1&limit=8&sort=-createdAt&minPrice=6700&maxPrice=10000","service":"ecommerce-api","timestamp":"2024-12-22 23:04:26"}
{"level":"info","message":"GET /api/products?page=1&limit=8&sort=-createdAt&minPrice=6800&maxPrice=10000","service":"ecommerce-api","timestamp":"2024-12-22 23:04:26"}
{"level":"info","message":"GET /api/products?page=1&limit=8&sort=-createdAt&minPrice=6900&maxPrice=10000","service":"ecommerce-api","timestamp":"2024-12-22 23:04:26"}
{"level":"info","message":"GET /api/products?page=1&limit=8&sort=-createdAt&minPrice=7000&maxPrice=10000","service":"ecommerce-api","timestamp":"2024-12-22 23:04:26"}
{"level":"info","message":"GET /api/products?page=1&limit=8&sort=-createdAt&minPrice=7100&maxPrice=10000","service":"ecommerce-api","timestamp":"2024-12-22 23:04:26"}
{"level":"info","message":"GET /api/products?page=1&limit=8&sort=-createdAt&minPrice=7200&maxPrice=10000","service":"ecommerce-api","timestamp":"2024-12-22 23:04:26"}
{"level":"info","message":"GET /api/products?page=1&limit=8&sort=-createdAt&minPrice=7300&maxPrice=10000","service":"ecommerce-api","timestamp":"2024-12-22 23:04:26"}
{"level":"info","message":"GET /api/products?page=1&limit=8&sort=-createdAt&minPrice=7400&maxPrice=10000","service":"ecommerce-api","timestamp":"2024-12-22 23:04:26"}
{"level":"info","message":"GET /api/products?page=1&limit=8&sort=-createdAt&minPrice=7500&maxPrice=10000","service":"ecommerce-api","timestamp":"2024-12-22 23:04:26"}
{"level":"info","message":"GET /api/products?page=1&limit=8&sort=-createdAt&minPrice=7600&maxPrice=10000","service":"ecommerce-api","timestamp":"2024-12-22 23:04:26"}
{"level":"info","message":"GET /api/products?page=1&limit=8&sort=-createdAt&minPrice=7700&maxPrice=10000","service":"ecommerce-api","timestamp":"2024-12-22 23:04:26"}
{"level":"info","message":"GET /api/products?page=1&limit=8&sort=-createdAt&minPrice=7800&maxPrice=10000","service":"ecommerce-api","timestamp":"2024-12-22 23:04:26"}
{"level":"info","message":"GET /api/products?page=1&limit=8&sort=-createdAt&minPrice=7900&maxPrice=10000","service":"ecommerce-api","timestamp":"2024-12-22 23:04:27"}
{"level":"info","message":"GET /api/products?page=1&limit=8&sort=-createdAt&minPrice=8000&maxPrice=10000","service":"ecommerce-api","timestamp":"2024-12-22 23:04:27"}
{"level":"info","message":"GET /api/products?page=1&limit=8&sort=-createdAt&minPrice=8100&maxPrice=10000","service":"ecommerce-api","timestamp":"2024-12-22 23:04:27"}
{"level":"info","message":"GET /api/products?page=1&limit=8&sort=-createdAt&minPrice=8000&maxPrice=10000","service":"ecommerce-api","timestamp":"2024-12-22 23:04:27"}
{"level":"info","message":"GET /api/products?page=1&limit=8&sort=-createdAt&minPrice=7900&maxPrice=10000","service":"ecommerce-api","timestamp":"2024-12-22 23:04:27"}
{"level":"info","message":"GET /api/products?page=1&limit=8&sort=-createdAt&minPrice=7800&maxPrice=10000","service":"ecommerce-api","timestamp":"2024-12-22 23:04:27"}
{"level":"info","message":"GET /api/products?page=1&limit=8&sort=-createdAt&minPrice=7600&maxPrice=10000","service":"ecommerce-api","timestamp":"2024-12-22 23:04:27"}
{"level":"info","message":"GET /api/products?page=1&limit=8&sort=-createdAt&minPrice=7700&maxPrice=10000","service":"ecommerce-api","timestamp":"2024-12-22 23:04:27"}
{"level":"info","message":"GET /api/products?page=1&limit=8&sort=-createdAt&minPrice=7300&maxPrice=10000","service":"ecommerce-api","timestamp":"2024-12-22 23:04:27"}
{"level":"info","message":"GET /api/products?page=1&limit=8&sort=-createdAt&minPrice=7400&maxPrice=10000","service":"ecommerce-api","timestamp":"2024-12-22 23:04:27"}
{"level":"info","message":"GET /api/products?page=1&limit=8&sort=-createdAt&minPrice=7100&maxPrice=10000","service":"ecommerce-api","timestamp":"2024-12-22 23:04:27"}
{"level":"info","message":"GET /api/products?page=1&limit=8&sort=-createdAt&minPrice=6700&maxPrice=10000","service":"ecommerce-api","timestamp":"2024-12-22 23:04:27"}
{"level":"info","message":"GET /api/products?page=1&limit=8&sort=-createdAt&minPrice=6400&maxPrice=10000","service":"ecommerce-api","timestamp":"2024-12-22 23:04:27"}
{"level":"info","message":"GET /api/products?page=1&limit=8&sort=-createdAt&minPrice=6100&maxPrice=10000","service":"ecommerce-api","timestamp":"2024-12-22 23:04:27"}
{"level":"info","message":"GET /api/products?page=1&limit=8&sort=-createdAt&minPrice=5700&maxPrice=10000","service":"ecommerce-api","timestamp":"2024-12-22 23:04:27"}
{"level":"info","message":"Server running on port 5000","service":"ecommerce-api","timestamp":"2024-12-22 23:04:53"}
{"level":"info","message":"GET /api/category","service":"ecommerce-api","timestamp":"2024-12-22 23:05:15"}
{"level":"info","message":"GET /api/products?page=1&limit=8&sort=-createdAt","service":"ecommerce-api","timestamp":"2024-12-22 23:05:15"}
{"level":"info","message":"GET /api/category","service":"ecommerce-api","timestamp":"2024-12-22 23:05:15"}
{"level":"info","message":"GET /api/products?page=1&limit=8&sort=-createdAt","service":"ecommerce-api","timestamp":"2024-12-22 23:05:15"}
{"level":"info","message":"GET /api/auth/profile","service":"ecommerce-api","timestamp":"2024-12-22 23:05:39"}
{"level":"info","message":"GET /api/auth/profile","service":"ecommerce-api","timestamp":"2024-12-22 23:05:39"}
{"level":"info","message":"GET /api/auth/profile","service":"ecommerce-api","timestamp":"2024-12-22 23:05:43"}
{"level":"info","message":"POST /api/auth/login","service":"ecommerce-api","timestamp":"2024-12-22 23:06:01"}
{"level":"info","message":"POST /api/auth/login","service":"ecommerce-api","timestamp":"2024-12-22 23:06:12"}
{"level":"info","message":"GET /api/category","service":"ecommerce-api","timestamp":"2024-12-22 23:06:15"}
{"level":"info","message":"GET /api/products?page=1&limit=8&sort=-createdAt","service":"ecommerce-api","timestamp":"2024-12-22 23:06:15"}
{"level":"info","message":"GET /api/category","service":"ecommerce-api","timestamp":"2024-12-22 23:06:15"}
{"level":"info","message":"GET /api/products?page=1&limit=8&sort=-createdAt","service":"ecommerce-api","timestamp":"2024-12-22 23:06:15"}
{"level":"info","message":"GET /api/auth/profile","service":"ecommerce-api","timestamp":"2024-12-22 23:06:26"}
{"level":"info","message":"GET /api/auth/profile","service":"ecommerce-api","timestamp":"2024-12-22 23:06:26"}
{"level":"info","message":"POST /api/auth/profile/address","service":"ecommerce-api","timestamp":"2024-12-22 23:06:41"}
{"level":"info","message":"GET /api/auth/profile","service":"ecommerce-api","timestamp":"2024-12-22 23:06:52"}
{"level":"info","message":"GET /api/auth/profile","service":"ecommerce-api","timestamp":"2024-12-22 23:06:52"}
{"level":"info","message":"GET /api/category","service":"ecommerce-api","timestamp":"2024-12-22 23:06:55"}
{"level":"info","message":"GET /api/products?page=1&limit=8&sort=-createdAt","service":"ecommerce-api","timestamp":"2024-12-22 23:06:55"}
{"level":"info","message":"GET /api/category","service":"ecommerce-api","timestamp":"2024-12-22 23:06:55"}
{"level":"info","message":"GET /api/products?page=1&limit=8&sort=-createdAt","service":"ecommerce-api","timestamp":"2024-12-22 23:06:56"}
{"level":"info","message":"Server running on port 5000","service":"ecommerce-api","timestamp":"2024-12-23 04:58:47"}
{"level":"info","message":"GET /api/category","service":"ecommerce-api","timestamp":"2024-12-23 05:00:28"}
{"level":"info","message":"GET /api/products?page=1&limit=8&sort=-createdAt","service":"ecommerce-api","timestamp":"2024-12-23 05:00:28"}
{"level":"info","message":"GET /api/products?page=1&limit=8&sort=-createdAt&category=65f2d1234567890123456790","service":"ecommerce-api","timestamp":"2024-12-23 05:01:17"}
{"level":"info","message":"GET /api/products?page=1&limit=8&sort=-createdAt","service":"ecommerce-api","timestamp":"2024-12-23 05:01:21"}
{"level":"info","message":"GET /api/products?page=1&limit=8&sort=-createdAt&category=65f2d1234567890123456789","service":"ecommerce-api","timestamp":"2024-12-23 05:01:23"}
{"level":"info","message":"GET /api/products?page=1&limit=8&sort=-createdAt","service":"ecommerce-api","timestamp":"2024-12-23 05:01:23"}
{"level":"info","message":"GET /api/category","service":"ecommerce-api","timestamp":"2024-12-23 05:02:14"}
{"level":"info","message":"GET /api/products?page=1&limit=8&sort=-createdAt","service":"ecommerce-api","timestamp":"2024-12-23 05:02:14"}
{"level":"info","message":"GET /api/category","service":"ecommerce-api","timestamp":"2024-12-23 05:33:21"}
{"level":"info","message":"GET /api/products?page=1&limit=8&sort=-createdAt","service":"ecommerce-api","timestamp":"2024-12-23 05:33:21"}
{"level":"info","message":"GET /api/category","service":"ecommerce-api","timestamp":"2024-12-23 05:33:21"}
{"level":"info","message":"GET /api/products?page=1&limit=8&sort=-createdAt","service":"ecommerce-api","timestamp":"2024-12-23 05:33:21"}
{"level":"info","message":"GET /api/products/67689a8373098f3bab75d018","service":"ecommerce-api","timestamp":"2024-12-23 05:34:37"}
{"level":"info","message":"GET /api/products?page=1&limit=8&sort=-createdAt","service":"ecommerce-api","timestamp":"2024-12-23 05:34:43"}
{"level":"info","message":"GET /api/category","service":"ecommerce-api","timestamp":"2024-12-23 05:34:43"}
{"level":"info","message":"GET /api/category","service":"ecommerce-api","timestamp":"2024-12-23 05:34:43"}
{"level":"info","message":"GET /api/products?page=1&limit=8&sort=-createdAt","service":"ecommerce-api","timestamp":"2024-12-23 05:34:43"}
{"level":"info","message":"GET /api/products/676899cb73098f3bab75cfd6","service":"ecommerce-api","timestamp":"2024-12-23 05:34:47"}
{"level":"info","message":"GET /api/products/676899cb73098f3bab75cfd6","service":"ecommerce-api","timestamp":"2024-12-23 05:34:47"}
{"level":"info","message":"GET /api/products/676899cb73098f3bab75cfd6","service":"ecommerce-api","timestamp":"2024-12-23 05:36:09"}
{"level":"info","message":"GET /api/products?category=65f2d1234567890123456790&limit=4","service":"ecommerce-api","timestamp":"2024-12-23 05:36:09"}
{"level":"info","message":"GET /api/category","service":"ecommerce-api","timestamp":"2024-12-23 05:36:18"}
{"level":"info","message":"GET /api/products?page=1&limit=8&sort=-createdAt","service":"ecommerce-api","timestamp":"2024-12-23 05:36:18"}
{"level":"info","message":"GET /api/products/67689a8373098f3bab75d018","service":"ecommerce-api","timestamp":"2024-12-23 05:36:29"}
{"level":"info","message":"GET /api/products/67689a8373098f3bab75d018","service":"ecommerce-api","timestamp":"2024-12-23 05:36:29"}
{"level":"info","message":"GET /api/products?category=65f2d1234567890123456789&limit=4","service":"ecommerce-api","timestamp":"2024-12-23 05:36:29"}
{"level":"info","message":"GET /api/products?category=65f2d1234567890123456789&limit=4","service":"ecommerce-api","timestamp":"2024-12-23 05:36:29"}
{"level":"info","message":"GET /api/products/67689a8373098f3bab75d018","service":"ecommerce-api","timestamp":"2024-12-23 05:37:26"}
{"level":"info","message":"GET /api/products?category=65f2d1234567890123456789&limit=4","service":"ecommerce-api","timestamp":"2024-12-23 05:37:26"}
{"level":"info","message":"GET /api/products/67689a8373098f3bab75d018","service":"ecommerce-api","timestamp":"2024-12-23 05:37:35"}
{"level":"info","message":"GET /api/products?category=65f2d1234567890123456789&limit=4","service":"ecommerce-api","timestamp":"2024-12-23 05:37:35"}
{"level":"info","message":"GET /api/products/67689a8373098f3bab75d018","service":"ecommerce-api","timestamp":"2024-12-23 05:37:42"}
{"level":"info","message":"GET /api/products?category=65f2d1234567890123456789&limit=4","service":"ecommerce-api","timestamp":"2024-12-23 05:37:43"}
{"level":"info","message":"GET /api/products/67689a8373098f3bab75d018","service":"ecommerce-api","timestamp":"2024-12-23 05:38:01"}
{"level":"info","message":"GET /api/products?category=65f2d1234567890123456789&limit=4","service":"ecommerce-api","timestamp":"2024-12-23 05:38:01"}
{"level":"info","message":"GET /api/products/67689a8373098f3bab75d018","service":"ecommerce-api","timestamp":"2024-12-23 05:39:57"}
{"level":"info","message":"GET /api/products?category=65f2d1234567890123456789&limit=4","service":"ecommerce-api","timestamp":"2024-12-23 05:39:57"}
{"level":"info","message":"GET /api/products/67689a8373098f3bab75d018","service":"ecommerce-api","timestamp":"2024-12-23 05:48:25"}
{"level":"info","message":"GET /api/products?category=65f2d1234567890123456789&limit=4","service":"ecommerce-api","timestamp":"2024-12-23 05:48:25"}
{"level":"info","message":"GET /api/products/67689a8373098f3bab75d018","service":"ecommerce-api","timestamp":"2024-12-23 05:48:44"}
{"level":"info","message":"GET /api/products?category=65f2d1234567890123456789&limit=4","service":"ecommerce-api","timestamp":"2024-12-23 05:48:44"}
{"level":"info","message":"GET /api/products/67689a8373098f3bab75d018","service":"ecommerce-api","timestamp":"2024-12-23 05:49:17"}
{"level":"info","message":"GET /api/products?category=65f2d1234567890123456789&limit=4","service":"ecommerce-api","timestamp":"2024-12-23 05:49:17"}
{"level":"info","message":"GET /api/products/67689a8373098f3bab75d018","service":"ecommerce-api","timestamp":"2024-12-23 05:49:37"}
{"level":"info","message":"GET /api/products?category=65f2d1234567890123456789&limit=4","service":"ecommerce-api","timestamp":"2024-12-23 05:49:37"}
{"level":"info","message":"GET /api/products/67689a8373098f3bab75d018","service":"ecommerce-api","timestamp":"2024-12-23 05:51:10"}
{"level":"info","message":"GET /api/products?category=65f2d1234567890123456789&limit=4","service":"ecommerce-api","timestamp":"2024-12-23 05:51:10"}
{"level":"info","message":"POST /api/cart/items","service":"ecommerce-api","timestamp":"2024-12-23 05:51:50"}
{"level":"info","message":"POST /api/auth/login","service":"ecommerce-api","timestamp":"2024-12-23 05:52:21"}
{"level":"info","message":"GET /api/category","service":"ecommerce-api","timestamp":"2024-12-23 05:52:29"}
{"level":"info","message":"GET /api/products?page=1&limit=8&sort=-createdAt","service":"ecommerce-api","timestamp":"2024-12-23 05:52:29"}
{"level":"info","message":"GET /api/category","service":"ecommerce-api","timestamp":"2024-12-23 05:52:29"}
{"level":"info","message":"GET /api/products?page=1&limit=8&sort=-createdAt","service":"ecommerce-api","timestamp":"2024-12-23 05:52:29"}
{"level":"info","message":"GET /api/products/676899fe73098f3bab75cfe9","service":"ecommerce-api","timestamp":"2024-12-23 05:52:33"}
{"level":"info","message":"GET /api/products/676899fe73098f3bab75cfe9","service":"ecommerce-api","timestamp":"2024-12-23 05:52:34"}
{"level":"info","message":"GET /api/products?category=65f2d1234567890123456791&limit=4","service":"ecommerce-api","timestamp":"2024-12-23 05:52:34"}
{"level":"info","message":"GET /api/products?category=65f2d1234567890123456791&limit=4","service":"ecommerce-api","timestamp":"2024-12-23 05:52:34"}
{"level":"info","message":"POST /api/cart/items","service":"ecommerce-api","timestamp":"2024-12-23 05:52:37"}
{"level":"info","message":"GET /api/auth/profile","service":"ecommerce-api","timestamp":"2024-12-23 05:57:09"}
{"level":"info","message":"GET /api/auth/profile","service":"ecommerce-api","timestamp":"2024-12-23 05:57:09"}
{"level":"info","message":"GET /api/cart","service":"ecommerce-api","timestamp":"2024-12-23 06:45:32"}
{"level":"info","message":"GET /api/cart","service":"ecommerce-api","timestamp":"2024-12-23 06:46:00"}
{"level":"info","message":"POST /api/auth/login","service":"ecommerce-api","timestamp":"2024-12-23 06:46:14"}
{"level":"info","message":"GET /api/cart","service":"ecommerce-api","timestamp":"2024-12-23 06:46:21"}
{"level":"info","message":"GET /api/category","service":"ecommerce-api","timestamp":"2024-12-23 06:46:23"}
{"level":"info","message":"GET /api/products?page=1&limit=8&sort=-createdAt","service":"ecommerce-api","timestamp":"2024-12-23 06:46:23"}
{"level":"info","message":"GET /api/cart","service":"ecommerce-api","timestamp":"2024-12-23 06:46:23"}
{"level":"info","message":"GET /api/products/676899cb73098f3bab75cfd6","service":"ecommerce-api","timestamp":"2024-12-23 06:47:15"}
{"level":"info","message":"GET /api/products/676899cb73098f3bab75cfd6","service":"ecommerce-api","timestamp":"2024-12-23 06:47:15"}
{"level":"info","message":"GET /api/products?category=65f2d1234567890123456790&limit=4","service":"ecommerce-api","timestamp":"2024-12-23 06:47:15"}
{"level":"info","message":"GET /api/products?category=65f2d1234567890123456790&limit=4","service":"ecommerce-api","timestamp":"2024-12-23 06:47:15"}
{"level":"info","message":"POST /api/cart/items","service":"ecommerce-api","timestamp":"2024-12-23 06:47:17"}
{"level":"info","message":"GET /api/cart","service":"ecommerce-api","timestamp":"2024-12-23 06:51:45"}
{"level":"info","message":"GET /api/cart","service":"ecommerce-api","timestamp":"2024-12-23 06:51:51"}
{"level":"info","message":"GET /api/cart","service":"ecommerce-api","timestamp":"2024-12-23 06:52:12"}
{"level":"info","message":"GET /api/cart","service":"ecommerce-api","timestamp":"2024-12-23 06:52:15"}
{"level":"info","message":"GET /api/cart","service":"ecommerce-api","timestamp":"2024-12-23 06:52:34"}
{"level":"info","message":"GET /api/cart","service":"ecommerce-api","timestamp":"2024-12-23 06:53:12"}
{"level":"info","message":"GET /api/cart","service":"ecommerce-api","timestamp":"2024-12-23 06:53:38"}
{"level":"info","message":"GET /api/cart","service":"ecommerce-api","timestamp":"2024-12-23 06:53:45"}
{"level":"info","message":"GET /api/cart","service":"ecommerce-api","timestamp":"2024-12-23 06:53:52"}
{"level":"info","message":"GET /api/cart","service":"ecommerce-api","timestamp":"2024-12-23 06:54:07"}
{"level":"info","message":"GET /api/cart","service":"ecommerce-api","timestamp":"2024-12-23 06:54:15"}
{"level":"info","message":"PUT /api/cart/items/676899fe73098f3bab75cfe9","service":"ecommerce-api","timestamp":"2024-12-23 06:54:22"}
{"level":"info","message":"PUT /api/cart/items/676899fe73098f3bab75cfe9","service":"ecommerce-api","timestamp":"2024-12-23 06:54:26"}
{"level":"info","message":"PUT /api/cart/items/676899fe73098f3bab75cfe9","service":"ecommerce-api","timestamp":"2024-12-23 06:54:28"}
{"level":"info","message":"PUT /api/cart/items/676899fe73098f3bab75cfe9","service":"ecommerce-api","timestamp":"2024-12-23 06:58:00"}
{"level":"info","message":"GET /api/cart","service":"ecommerce-api","timestamp":"2024-12-23 07:02:14"}
{"level":"info","message":"GET /api/cart","service":"ecommerce-api","timestamp":"2024-12-23 07:02:35"}
{"level":"info","message":"GET /api/cart","service":"ecommerce-api","timestamp":"2024-12-23 07:03:09"}
{"level":"info","message":"GET /api/cart","service":"ecommerce-api","timestamp":"2024-12-23 07:03:17"}
{"level":"info","message":"POST /api/auth/login","service":"ecommerce-api","timestamp":"2024-12-23 07:03:39"}
{"level":"info","message":"GET /api/cart","service":"ecommerce-api","timestamp":"2024-12-23 07:03:49"}
{"level":"info","message":"GET /api/cart","service":"ecommerce-api","timestamp":"2024-12-23 07:04:20"}
{"level":"info","message":"PUT /api/cart/items/676899fe73098f3bab75cfe9","service":"ecommerce-api","timestamp":"2024-12-23 07:04:23"}
{"level":"info","message":"PUT /api/cart/items/676899fe73098f3bab75cfe9","service":"ecommerce-api","timestamp":"2024-12-23 07:04:26"}
{"level":"info","message":"PUT /api/cart/items/676899cb73098f3bab75cfd6","service":"ecommerce-api","timestamp":"2024-12-23 07:04:30"}
{"level":"info","message":"GET /api/cart","service":"ecommerce-api","timestamp":"2024-12-23 07:04:47"}
{"level":"info","message":"GET /api/cart","service":"ecommerce-api","timestamp":"2024-12-23 07:17:38"}
{"level":"info","message":"GET /api/cart","service":"ecommerce-api","timestamp":"2024-12-23 07:19:13"}
{"level":"info","message":"GET /api/cart","service":"ecommerce-api","timestamp":"2024-12-23 07:25:00"}
{"level":"info","message":"GET /api/products?sort=-createdAt&limit=8","service":"ecommerce-api","timestamp":"2024-12-23 07:26:20"}
{"level":"info","message":"GET /api/cart","service":"ecommerce-api","timestamp":"2024-12-23 07:26:20"}
{"level":"info","message":"POST /api/auth/login","service":"ecommerce-api","timestamp":"2024-12-23 07:26:41"}
{"level":"info","message":"GET /api/products?sort=-createdAt&limit=8","service":"ecommerce-api","timestamp":"2024-12-23 07:26:41"}
{"level":"info","message":"GET /api/products?sort=-createdAt&limit=8","service":"ecommerce-api","timestamp":"2024-12-23 07:26:41"}
{"level":"info","message":"GET /api/products?sort=-createdAt&limit=8","service":"ecommerce-api","timestamp":"2024-12-23 07:26:48"}
{"level":"info","message":"GET /api/cart","service":"ecommerce-api","timestamp":"2024-12-23 07:26:48"}
{"level":"info","message":"GET /api/cart","service":"ecommerce-api","timestamp":"2024-12-23 07:26:57"}
{"level":"info","message":"GET /api/products?sort=-createdAt&limit=8","service":"ecommerce-api","timestamp":"2024-12-23 07:27:23"}
{"level":"info","message":"GET /api/cart","service":"ecommerce-api","timestamp":"2024-12-23 07:27:23"}
{"level":"info","message":"GET /api/products/67689a1973098f3bab75cff0","service":"ecommerce-api","timestamp":"2024-12-23 07:27:25"}
{"level":"info","message":"GET /api/products/67689a1973098f3bab75cff0","service":"ecommerce-api","timestamp":"2024-12-23 07:27:25"}
{"level":"info","message":"GET /api/products?category=65f2d1234567890123456792&limit=4","service":"ecommerce-api","timestamp":"2024-12-23 07:27:25"}
{"level":"info","message":"GET /api/products?category=65f2d1234567890123456792&limit=4","service":"ecommerce-api","timestamp":"2024-12-23 07:27:25"}
{"level":"info","message":"GET /api/products?sort=-createdAt&limit=8","service":"ecommerce-api","timestamp":"2024-12-23 07:27:33"}
{"level":"info","message":"GET /api/products?sort=-createdAt&limit=8","service":"ecommerce-api","timestamp":"2024-12-23 07:27:33"}
{"level":"info","message":"POST /api/auth/login","service":"ecommerce-api","timestamp":"2024-12-23 07:32:27"}
{"level":"info","message":"POST /api/products","service":"ecommerce-api","timestamp":"2024-12-23 07:33:48"}
{"level":"info","message":"POST /api/products","service":"ecommerce-api","timestamp":"2024-12-23 07:35:03"}
{"level":"info","message":"POST /api/products","service":"ecommerce-api","timestamp":"2024-12-23 07:36:08"}
{"level":"info","message":"GET /api/products?sort=-createdAt&limit=8","service":"ecommerce-api","timestamp":"2024-12-23 07:36:14"}
{"level":"info","message":"GET /api/cart","service":"ecommerce-api","timestamp":"2024-12-23 07:36:14"}
{"level":"info","message":"POST /api/products","service":"ecommerce-api","timestamp":"2024-12-23 07:38:15"}
{"level":"info","message":"GET /api/products?sort=-createdAt&limit=8","service":"ecommerce-api","timestamp":"2024-12-23 07:38:20"}
{"level":"info","message":"GET /api/cart","service":"ecommerce-api","timestamp":"2024-12-23 07:38:20"}
{"level":"info","message":"POST /api/products","service":"ecommerce-api","timestamp":"2024-12-23 07:38:46"}
{"level":"info","message":"GET /api/products?sort=-createdAt&limit=8","service":"ecommerce-api","timestamp":"2024-12-23 07:38:50"}
{"level":"info","message":"GET /api/cart","service":"ecommerce-api","timestamp":"2024-12-23 07:38:50"}
{"level":"info","message":"GET /api/category","service":"ecommerce-api","timestamp":"2024-12-23 07:38:58"}
{"level":"info","message":"GET /api/products?page=1&limit=8&sort=-createdAt","service":"ecommerce-api","timestamp":"2024-12-23 07:38:58"}
{"level":"info","message":"GET /api/category","service":"ecommerce-api","timestamp":"2024-12-23 07:38:58"}
{"level":"info","message":"GET /api/products?page=1&limit=8&sort=-createdAt","service":"ecommerce-api","timestamp":"2024-12-23 07:38:58"}
{"level":"info","message":"GET /api/products?page=1&limit=8&sort=price","service":"ecommerce-api","timestamp":"2024-12-23 07:39:08"}
{"level":"info","message":"GET /api/products?page=1&limit=8&sort=-price","service":"ecommerce-api","timestamp":"2024-12-23 07:39:11"}
{"level":"info","message":"GET /api/products?page=1&limit=8&sort=-ratings.average","service":"ecommerce-api","timestamp":"2024-12-23 07:39:13"}
{"level":"info","message":"GET /api/products?page=1&limit=8&sort=-createdAt","service":"ecommerce-api","timestamp":"2024-12-23 07:39:16"}
{"level":"info","message":"GET /api/products?page=1&limit=8&sort=-createdAt&category=65f2d1234567890123456790","service":"ecommerce-api","timestamp":"2024-12-23 07:39:18"}
{"level":"info","message":"GET /api/products?page=1&limit=8&sort=-createdAt","service":"ecommerce-api","timestamp":"2024-12-23 07:39:19"}
{"level":"info","message":"GET /api/products?sort=-createdAt&limit=8","service":"ecommerce-api","timestamp":"2024-12-23 07:39:24"}
{"level":"info","message":"GET /api/products?sort=-createdAt&limit=8","service":"ecommerce-api","timestamp":"2024-12-23 07:39:24"}
{"level":"info","message":"GET /api/cart","service":"ecommerce-api","timestamp":"2024-12-23 07:47:39"}
{"level":"info","message":"GET /api/products?sort=-createdAt&limit=8","service":"ecommerce-api","timestamp":"2024-12-23 07:53:18"}
{"level":"info","message":"GET /api/products?sort=-createdAt&limit=8","service":"ecommerce-api","timestamp":"2024-12-23 07:53:18"}
{"level":"info","message":"Server running on port 5000","service":"ecommerce-api","timestamp":"2024-12-23 07:54:17"}
